Overall index hopping: 13709308
Percentage of reads removed due to low mean quality score: 12.266361320494731
Percentage of reads from TACCGGAT : 19.079888770369816
Percentage of reads from CTCTGGAT : 8.854408285321545
Percentage of reads from AGAGTCCA : 2.85711198477806
Percentage of reads from GTAGCGTA : 2.0510028810031837
Percentage of reads from ATCATGCG : 2.550501933623712
Percentage of reads from AACAGCGA : 2.2514148681886983
Percentage of reads from TCGACAAG : 0.9768954977668278
Percentage of reads from TCGAGAGT : 2.9341521817119705
Percentage of reads from CGGTAATC : 1.2383142273804608
Percentage of reads from TAGCCATG : 2.7122770972738404
Percentage of reads from TCTTCGAC : 10.777563630406755
Percentage of reads from CTAGCTCA : 4.449563737992029
Percentage of reads from TATGGCAC : 2.8068538592645575
Percentage of reads from ACGATCAG : 2.0486683796345755
Percentage of reads from GATCTTGC : 0.9430099901655
Percentage of reads from AGGATAGC : 2.2238484813910304
Percentage of reads from TGTTCCGT : 4.070750422574342
Percentage of reads from CACTTCAC : 1.055381819192401
Percentage of reads from GCTACTCT : 1.8199356974261585
Percentage of reads from ATCGTGGT : 1.7502307350401924
Percentage of reads from CGATCGAT : 1.4386298613255257
Percentage of reads from GTCCTAAG : 2.2475695480098397
Percentage of reads from GATCAAGG : 1.6754218038601227
Percentage of reads from TCGGATTC : 1.146139414026667
